<?xml version="1.0" encoding="UTF-8"?>
<testsuite name="BullsCowsTest" tests="1" skipped="0" failures="0" errors="0" timestamp="2023-04-01T13:30:23" hostname="FURTWÄNGLER" time="0.086">
  <properties/>
  <testcase name="start" classname="BullsCowsTest" time="0.086"/>
  <system-out><![CDATA[?[1;31m
Start test 1?[0m
> 3601
Grade: None. The secret code is 9589.
?[1;31m
Start test 2?[0m
> 9589
Grade: None. The secret code is 6444.
?[1;31m
Start test 3?[0m
> 1235
Grade: 0 bull(s) and 2 cow(s). The secret code is 5820.
]]></system-out>
  <system-err><![CDATA[]]></system-err>
</testsuite>
