<?xml version="1.0" encoding="UTF-8"?>
<testsuite name="BullsCowsTest" tests="1" skipped="0" failures="0" errors="0" timestamp="2023-04-04T14:10:27" hostname="FURTWÄNGLER" time="0.097">
  <properties/>
  <testcase name="start" classname="BullsCowsTest" time="0.097"/>
  <system-out><![CDATA[?[1;31m
Start test 1?[0m
> 4
?[1;31m
Start test 2?[0m
> 1
?[1;31m
Start test 3?[0m
> 11
?[1;31m
Start test 4?[0m
> 6
?[1;31m
Start test 5?[0m
> 3
]]></system-out>
  <system-err><![CDATA[]]></system-err>
</testsuite>
